reeeplayer/permission/build/outputs/logs/manifest-merger-debug-report.txt
-- Merging decision tree log ---
manifest
ADDED from src/main/AndroidManifest.xml:17:1-37:12
INJECTED from src/main/AndroidManifest.xml:17:1-37:12
INJECTED from src/main/AndroidManifest.xml:17:1-37:12
	package
		ADDED from src/main/AndroidManifest.xml:19:5-40
		INJECTED from src/main/AndroidManifest.xml
		INJECTED from src/main/AndroidManifest.xml
	xmlns:android
		ADDED from src/main/AndroidManifest.xml:18:5-63
application
ADDED from src/main/AndroidManifest.xml:21:5-35:19
activity#com.yanzhenjie.permission.bridge.BridgeActivity
ADDED from src/main/AndroidManifest.xml:22:9-24:54
	android:theme
		ADDED from src/main/AndroidManifest.xml:24:13-52
	android:name
		ADDED from src/main/AndroidManifest.xml:23:13-50
provider#com.yanzhenjie.permission.FileProvider
ADDED from src/main/AndroidManifest.xml:26:9-34:20
	android:grantUriPermissions
		ADDED from src/main/AndroidManifest.xml:30:13-47
	android:authorities
		ADDED from src/main/AndroidManifest.xml:28:13-67
	android:exported
		ADDED from src/main/AndroidManifest.xml:29:13-37
	android:name
		ADDED from src/main/AndroidManifest.xml:27:13-41
meta-data#android.support.FILE_PROVIDER_PATHS
ADDED from src/main/AndroidManifest.xml:31:13-33:64
	android:resource
		ADDED from src/main/AndroidManifest.xml:33:17-62
	android:name
		ADDED from src/main/AndroidManifest.xml:32:17-67
uses-sdk
INJECTED from src/main/AndroidManifest.xml reason: use-sdk injection requested
INJECTED from src/main/AndroidManifest.xml
INJECTED from src/main/AndroidManifest.xml
INJECTED from src/main/AndroidManifest.xml
INJECTED from src/main/AndroidManifest.xml
	android:targetSdkVersion
		INJECTED from src/main/AndroidManifest.xml
		ADDED from src/main/AndroidManifest.xml
		INJECTED from src/main/AndroidManifest.xml
	android:minSdkVersion
		INJECTED from src/main/AndroidManifest.xml
		ADDED from src/main/AndroidManifest.xml
		INJECTED from src/main/AndroidManifest.xml